{ "msg_showcmd", "sl:1", "tick:67", false, { { 0, "gj" } } }
{ "msg_showcmd", "sl:1", "tick:69", false, { { 0, "gj" } } }
{ "msg_showcmd", "sl:1", "tick:70", false, { { 0, "gj" } } }
{ "msg_showcmd", "sl:1", "tick:72", false, { { 0, "gj" } } }
{ "msg_showcmd", "sl:1", "tick:73", false, { { 0, "gj" } } }
{ "msg_showcmd", "sl:1", "tick:75", false, { { 0, "gj" } } }
{ "msg_showcmd", "sl:1", "tick:76", false, { { 0, "gj" } } }
{ "msg_showcmd", "sl:1", "tick:78", false, { { 0, "gj" } } }
{ "msg_showcmd", "sl:1", "tick:79", false, { { 0, "gj" } } }
{ "msg_showcmd", "sl:1", "tick:81", false, { { 0, "gj" } } }
{ "msg_showcmd", "sl:1", "tick:82", false, { { 0, "gj" } } }
{ "msg_showcmd", "sl:1", "tick:84", false, { { 0, ":" } } }
{ "cmdline_show", "sl:1", "tick:85", "mode:c", { { 0, "" } } }
{ "cmdline_show", "sl:1", "tick:88", "mode:c", { { 0, "N" } } }
{ "cmdline_show", "sl:1", "tick:90", "mode:c", { { 0, "No" } } }
{ "cmdline_show", "sl:1", "tick:92", "mode:c", { { 0, "Noi" } } }
{ "cmdline_show", "sl:1", "tick:94", "mode:c", { { 0, "Noic" } } }
{ "cmdline_show", "sl:1", "tick:96", "mode:c", { { 0, "Noice" } } }
{ "cmdline_show", "sl:1", "tick:98", "mode:c", { { 0, "NoiceT" } } }
{ "cmdline_show", "sl:1", "tick:100", "mode:c", { { 0, "NoiceTe" } } }
{ "cmdline_show", "sl:1", "tick:102", "mode:c", { { 0, "NoiceTel" } } }
{ "cmdline_show", "sl:1", "tick:104", "mode:c", { { 0, "NoiceTele" } } }
{ "cmdline_show", "sl:1", "tick:106", "mode:c", { { 0, "NoiceTeles" } } }
{ "cmdline_show", "sl:1", "tick:108", "mode:c", { { 0, "NoiceTelesc" } } }
{ "cmdline_show", "sl:1", "tick:110", "mode:c", { { 0, "NoiceTelesco" } } }
{ "cmdline_show", "sl:1", "tick:112", "mode:c", { { 0, "NoiceTelescop" } } }
{ "cmdline_show", "sl:1", "tick:114", "mode:c", { { 0, "NoiceTelescope" } } }
{ "cmdline_hide", "sl:1", "tick:116", false, 1 }
{ "msg_showcmd", "sl:1", "tick:117", false, { { 0, "A" } } }
{ "msg_showcmd", "sl:1", "tick:119", false, { { 0, "gj" } } }
{ "msg_showcmd", "sl:1", "tick:121", false, { { 0, "gk" } } }
{ "msg_showcmd", "sl:1", "tick:123", false, { { 0, "gk" } } }
{ "msg_showcmd", "sl:1", "tick:125", false, { { 0, "gk" } } }
{ "msg_showcmd", "sl:1", "tick:127", false, { { 0, "gj" } } }
{ "msg_showcmd", "sl:1", "tick:129", false, { { 0, "gj" } } }
{ "msg_showcmd", "sl:1", "tick:131", false, { { 0, "gj" } } }
{ "msg_showcmd", "sl:1", "tick:132", false, { { 0, "gj" } } }
{ "msg_showcmd", "sl:1", "tick:134", false, { { 0, "gj" } } }
{ "msg_showcmd", "sl:1", "tick:135", false, { { 0, "gj" } } }
{ "msg_showcmd", "sl:1", "tick:136", false, { { 0, "gj" } } }
{ "msg_showcmd", "sl:1", "tick:138", false, { { 0, "gj" } } }
{ "msg_showcmd", "sl:1", "tick:140", false, { { 0, "gj" } } }
{ "msg_showcmd", "sl:1", "tick:141", false, { { 0, "gj" } } }
{ "msg_showcmd", "sl:1", "tick:142", false, { { 0, "gj" } } }
{ "msg_showcmd", "sl:1", "tick:144", false, { { 0, "gj" } } }
{ "msg_showcmd", "sl:1", "tick:146", false, { { 0, "gj" } } }
{ "msg_showcmd", "sl:1", "tick:148", false, { { 0, "gk" } } }
{ "msg_showcmd", "sl:1", "tick:150", false, { { 0, "gk" } } }
{ "msg_showcmd", "sl:1", "tick:151", false, { { 0, "gk" } } }
{ "msg_showcmd", "sl:1", "tick:153", false, { { 0, "gk" } } }
{ "msg_showcmd", "sl:1", "tick:154", false, { { 0, "gk" } } }
{ "msg_showcmd", "sl:1", "tick:156", false, { { 0, "gk" } } }
{ "msg_showcmd", "sl:1", "tick:157", false, { { 0, "gk" } } }
{ "msg_showcmd", "sl:1", "tick:159", false, { { 0, "gk" } } }
{ "msg_showcmd", "sl:1", "tick:160", false, { { 0, "gk" } } }
{ "msg_showcmd", "sl:1", "tick:162", false, { { 0, "gk" } } }
{ "msg_showcmd", "sl:1", "tick:164", false, { { 0, "gk" } } }
{ "msg_showcmd", "sl:1", "tick:166", false, { { 0, "gk" } } }
{ "msg_showcmd", "sl:1", "tick:168", false, { { 0, "gk" } } }
{ "msg_showcmd", "sl:1", "tick:170", false, { { 0, "gk" } } }
{ "msg_showcmd", "sl:1", "tick:172", false, { { 0, ":" } } }
{ "cmdline_show", "sl:1", "tick:173", "mode:c", { { 0, "" } } }
{ "cmdline_show", "sl:1", "tick:176", "mode:c", { { 0, "N" } } }
{ "cmdline_show", "sl:1", "tick:178", "mode:c", { { 0, "No" } } }
{ "cmdline_show", "sl:1", "tick:180", "mode:c", { { 0, "Noi" } } }
{ "cmdline_show", "sl:1", "tick:182", "mode:c", { { 0, "Noic" } } }
{ "cmdline_show", "sl:1", "tick:184", "mode:c", { { 0, "Noice" } } }
{ "cmdline_hide", "sl:1", "tick:186", false, 1 }
{ "msg_showcmd", "sl:1", "tick:187", false, { { 0, "gj" } } }
{ "msg_showcmd", "sl:1", "tick:189", false, { { 0, "V" } } }
{ "msg_showcmd", "sl:1", "tick:191", false, { { 0, "j" } } }
{ "msg_showcmd", "sl:1", "tick:192", false, { { 0, "1" } } }
{ "msg_showcmd", "sl:1", "tick:194", false, { { 0, "k" } } }
{ "msg_showcmd", "sl:1", "tick:195", false, { { 0, "1" } } }
{ "msg_showcmd", "sl:1", "tick:197", false, { { 0, "j" } } }
{ "msg_showcmd", "sl:1", "tick:198", false, { { 0, "1" } } }
{ "msg_showcmd", "sl:1", "tick:200", false, { { 0, "gj" } } }
{ "msg_showcmd", "sl:1", "tick:202", false, { { 0, "gj" } } }
{ "msg_showcmd", "sl:1", "tick:204", false, { { 0, "gj" } } }
{ "msg_showcmd", "sl:1", "tick:206", false, { { 0, "gj" } } }
{ "msg_showcmd", "sl:1", "tick:208", false, { { 0, "gk" } } }
{ "msg_showcmd", "sl:1", "tick:210", false, { { 0, "gk" } } }
{ "msg_showcmd", "sl:1", "tick:212", false, { { 0, "gk" } } }
{ "msg_showcmd", "sl:1", "tick:213", false, { { 0, "gk" } } }
{ "msg_showcmd", "sl:1", "tick:215", false, { { 0, "gk" } } }
{ "msg_showcmd", "sl:1", "tick:216", false, { { 0, "gk" } } }
{ "msg_showcmd", "sl:1", "tick:218", false, { { 0, "gk" } } }
{ "msg_showcmd", "sl:1", "tick:219", false, { { 0, "gk" } } }
{ "msg_showcmd", "sl:1", "tick:221", false, { { 0, "gk" } } }
{ "msg_showcmd", "sl:1", "tick:222", false, { { 0, "gk" } } }
{ "msg_showcmd", "sl:1", "tick:224", false, { { 0, "gk" } } }
{ "msg_showcmd", "sl:1", "tick:226", false, { { 0, "gk" } } }
{ "msg_showcmd", "sl:1", "tick:227", false, { { 0, "gk" } } }
{ "msg_showcmd", "sl:1", "tick:228", false, { { 0, "gk" } } }
{ "msg_showcmd", "sl:1", "tick:230", false, { { 0, "gk" } } }
{ "msg_showcmd", "sl:1", "tick:232", false, { { 0, "gk" } } }
{ "msg_showcmd", "sl:1", "tick:233", false, { { 0, "gk" } } }
{ "msg_showcmd", "sl:1", "tick:235", false, { { 0, "gk" } } }
{ "msg_showcmd", "sl:1", "tick:236", false, { { 0, "gk" } } }
{ "msg_showcmd", "sl:1", "tick:238", false, { { 0, "gk" } } }
{ "msg_showcmd", "sl:1", "tick:239", false, { { 0, "gk" } } }
{ "msg_showcmd", "sl:1", "tick:241", false, { { 0, "gk" } } }
{ "msg_showcmd", "sl:1", "tick:242", false, { { 0, "gk" } } }
{ "msg_showcmd", "sl:1", "tick:244", false, { { 0, "gj" } } }
{ "msg_showcmd", "sl:1", "tick:246", false, { { 0, "gj" } } }
{ "msg_showcmd", "sl:1", "tick:248", false, { { 0, "gj" } } }
{ "msg_showcmd", "sl:1", "tick:249", false, { { 0, "gj" } } }
{ "msg_showcmd", "sl:1", "tick:251", false, { { 0, "gj" } } }
{ "msg_showcmd", "sl:1", "tick:252", false, { { 0, "gj" } } }
{ "msg_showcmd", "sl:1", "tick:254", false, { { 0, "gj" } } }
{ "msg_showcmd", "sl:1", "tick:255", false, { { 0, "gj" } } }
{ "msg_showcmd", "sl:1", "tick:257", false, { { 0, "gj" } } }
{ "msg_showcmd", "sl:1", "tick:259", false, { { 0, "gj" } } }
{ "msg_showcmd", "sl:1", "tick:261", false, { { 0, "gj" } } }
{ "msg_showcmd", "sl:1", "tick:263", false, { { 0, "gj" } } }
{ "msg_showcmd", "sl:1", "tick:265", false, { { 0, ":" } } }
{ "cmdline_show", "sl:1", "tick:266", "mode:c", { { 0, "" } } }
{ "cmdline_show", "sl:1", "tick:269", "mode:c", { { 0, "N" } } }
{ "cmdline_show", "sl:1", "tick:271", "mode:c", { { 0, "No" } } }
{ "cmdline_show", "sl:1", "tick:273", "mode:c", { { 0, "Noi" } } }
{ "cmdline_show", "sl:1", "tick:275", "mode:c", { { 0, "Noic" } } }
{ "cmdline_show", "sl:1", "tick:277", "mode:c", { { 0, "Noice" } } }
{ "cmdline_show", "sl:1", "tick:279", "mode:c", { { 0, "NoiceD" } } }
{ "cmdline_show", "sl:1", "tick:281", "mode:c", { { 0, "NoiceDe" } } }
{ "cmdline_show", "sl:1", "tick:283", "mode:c", { { 0, "NoiceDeb" } } }
{ "cmdline_show", "sl:1", "tick:285", "mode:c", { { 0, "NoiceDebu" } } }
{ "cmdline_show", "sl:1", "tick:287", "mode:c", { { 0, "NoiceDebug" } } }
{ "cmdline_hide", "sl:1", "tick:289", false, 1 }
